<?xml version="1.0" encoding="UTF-8"?>
<testsuite xmlns:xsi="http://www.w3.org/2001/XMLSchema-instance" xsi:noNamespaceSchemaLocation="https://maven.apache.org/surefire/maven-surefire-plugin/xsd/surefire-test-report.xsd" name="Test_Add_Product_To_Cart" time="48.717" tests="12" errors="2" skipped="0" failures="0">
  <properties>
[...]
</properties>
  <testcase name="getURL" classname="Test_Add_Product_To_Cart" time="0.077"/>
  <testcase name="searchProduct" classname="Test_Add_Product_To_Cart" time="7.82"/>
  <testcase name="scroll" classname="Test_Add_Product_To_Cart" time="10.776"/>
  <testcase name="selectAProductSize" classname="Test_Add_Product_To_Cart" time="4.379"/>
  <testcase name="goToCart" classname="Test_Add_Product_To_Cart" time="6.308"/>
  <testcase name="checkSizeAndPriceCorrect" classname="Test_Add_Product_To_Cart" time="0.006"/>
  <testcase name="clickContinueButton" classname="Test_Add_Product_To_Cart" time="0.804"/>
  <testcase name="checkLoginButton" classname="Test_Add_Product_To_Cart" time="0.018">
    <error message="Cannot invoke &quot;SignUpPage.checkLoginButton()&quot; because &quot;this.signUpPage&quot; is null" type="java.lang.NullPointerException">java.lang.NullPointerException: Cannot invoke "SignUpPage.checkLoginButton()" because "this.signUpPage" is null
	at Test_Add_Product_To_Cart.checkLoginButton(Test_Add_Product_To_Cart.java:77)
</error>
    <system-out><![CDATA[2022-11-24 23:04:20,271 ERROR [Log] checkLoginButton() FAILED with cause : Cannot invoke "SignUpPage.checkLoginButton()" because "this.signUpPage" is null 
]]></system-out>
  </testcase>
  <testcase name="clickNetworkLogo" classname="Test_Add_Product_To_Cart" time="6.858"/>
  <testcase name="clickBagLogo" classname="Test_Add_Product_To_Cart" time="0.954"/>
  <testcase name="removeProductToCart" classname="Test_Add_Product_To_Cart" time="0.759"/>
  <testcase name="checkCartIsEmpty" classname="Test_Add_Product_To_Cart" time="0.085">
    <error message="no such element: Unable to locate element: {&quot;method&quot;:&quot;xpath&quot;,&quot;selector&quot;:&quot;/html/body/div[2]/header/div/div/div[3]/div[3]/div/div/div[2]/span&quot;}&#10;  (Session info: MicrosoftEdge=107.0.1418.56)&#10;For documentation on this error, please visit: https://selenium.dev/exceptions/#no_such_element&#10;Build info: version: &apos;4.6.0&apos;, revision: &apos;79f1c02ae20&apos;&#10;System info: os.name: &apos;Windows 10&apos;, os.arch: &apos;amd64&apos;, os.version: &apos;10.0&apos;, java.version: &apos;15.0.2&apos;&#10;Driver info: org.openqa.selenium.edge.EdgeDriver&#10;Command: [f4331051c9663a40788f94fb9c2bca79, findElement {using=xpath, value=/html/body/div[2]/header/div/div/div[3]/div[3]/div/div/div[2]/span}]&#10;Capabilities {acceptInsecureCerts: false, browserName: msedge, browserVersion: 107.0.1418.56, ms:edgeOptions: {debuggerAddress: localhost:50245}, msedge: {msedgedriverVersion: 107.0.1418.56 (5b47a5c50066..., userDataDir: C:\Users\zeyne\AppData\Loca...}, networkConnectionEnabled: false, pageLoadStrategy: normal, platformName: WINDOWS, proxy: Proxy(), se:cdp: ws://localhost:50245/devtoo..., se:cdpVersion: 107.0.1418.56, setWindowRect: true, strictFileInteractability: false, timeouts: {implicit: 0, pageLoad: 300000, script: 30000}, unhandledPromptBehavior: dismiss and notify, webauthn:extension:credBlob: true, webauthn:extension:largeBlob: true, webauthn:virtualAuthenticators: true}&#10;Session ID: f4331051c9663a40788f94fb9c2bca79" type="org.openqa.selenium.NoSuchElementException">org.openqa.selenium.NoSuchElementException: 
no such element: Unable to locate element: {"method":"xpath","selector":"/html/body/div[2]/header/div/div/div[3]/div[3]/div/div/div[2]/span"}
  (Session info: MicrosoftEdge=107.0.1418.56)
For documentation on this error, please visit: https://selenium.dev/exceptions/#no_such_element
Build info: version: '4.6.0', revision: '79f1c02ae20'
System info: os.name: 'Windows 10', os.arch: 'amd64', os.version: '10.0', java.version: '15.0.2'
Driver info: org.openqa.selenium.edge.EdgeDriver
Command: [f4331051c9663a40788f94fb9c2bca79, findElement {using=xpath, value=/html/body/div[2]/header/div/div/div[3]/div[3]/div/div/div[2]/span}]
Capabilities {acceptInsecureCerts: false, browserName: msedge, browserVersion: 107.0.1418.56, ms:edgeOptions: {debuggerAddress: localhost:50245}, msedge: {msedgedriverVersion: 107.0.1418.56 (5b47a5c50066..., userDataDir: C:\Users\zeyne\AppData\Loca...}, networkConnectionEnabled: false, pageLoadStrategy: normal, platformName: WINDOWS, proxy: Proxy(), se:cdp: ws://localhost:50245/devtoo..., se:cdpVersion: 107.0.1418.56, setWindowRect: true, strictFileInteractability: false, timeouts: {implicit: 0, pageLoad: 300000, script: 30000}, unhandledPromptBehavior: dismiss and notify, webauthn:extension:credBlob: true, webauthn:extension:largeBlob: true, webauthn:virtualAuthenticators: true}
Session ID: f4331051c9663a40788f94fb9c2bca79
	at Test_Add_Product_To_Cart.checkCartIsEmpty(Test_Add_Product_To_Cart.java:103)
</error>
    <system-out><![CDATA[2022-11-24 23:04:28,886 ERROR [Log] checkCartIsEmpty() FAILED with cause : no such element: Unable to locate element: {"method":"xpath","selector":"/html/body/div[2]/header/div/div/div[3]/div[3]/div/div/div[2]/span"}
  (Session info: MicrosoftEdge=107.0.1418.56)
For documentation on this error, please visit: https://selenium.dev/exceptions/#no_such_element
Build info: version: '4.6.0', revision: '79f1c02ae20'
System info: os.name: 'Windows 10', os.arch: 'amd64', os.version: '10.0', java.version: '15.0.2'
Driver info: org.openqa.selenium.edge.EdgeDriver
Command: [f4331051c9663a40788f94fb9c2bca79, findElement {using=xpath, value=/html/body/div[2]/header/div/div/div[3]/div[3]/div/div/div[2]/span}]
Capabilities {acceptInsecureCerts: false, browserName: msedge, browserVersion: 107.0.1418.56, ms:edgeOptions: {debuggerAddress: localhost:50245}, msedge: {msedgedriverVersion: 107.0.1418.56 (5b47a5c50066..., userDataDir: C:\Users\zeyne\AppData\Loca...}, networkConnectionEnabled: false, pageLoadStrategy: normal, platformName: WINDOWS, proxy: Proxy(), se:cdp: ws://localhost:50245/devtoo..., se:cdpVersion: 107.0.1418.56, setWindowRect: true, strictFileInteractability: false, timeouts: {implicit: 0, pageLoad: 300000, script: 30000}, unhandledPromptBehavior: dismiss and notify, webauthn:extension:credBlob: true, webauthn:extension:largeBlob: true, webauthn:virtualAuthenticators: true}
Session ID: f4331051c9663a40788f94fb9c2bca79 
]]></system-out>
  </testcase>
</testsuite>